{"C:\\Users\\Przemur\\Desktop\\Recipie\\RecipieVue\\src\\App.vue": {"path":"C:\\Users\\Przemur\\Desktop\\Recipie\\RecipieVue\\src\\App.vue","statementMap":{"0":{"start":{"line":15,"column":0},"end":{"line":15,"column":null}},"1":{"start":{"line":16,"column":0},"end":{"line":16,"column":null}},"2":{"start":{"line":17,"column":0},"end":{"line":17,"column":null}}},"fnMap":{},"branchMap":{},"s":{"0":0,"1":0,"2":0},"f":{},"b":{}}
,"C:\\Users\\Przemur\\Desktop\\Recipie\\RecipieVue\\src\\consts.js": {"path":"C:\\Users\\Przemur\\Desktop\\Recipie\\RecipieVue\\src\\consts.js","statementMap":{"0":{"start":{"line":3,"column":30},"end":{"line":27,"column":1}}},"fnMap":{},"branchMap":{},"s":{"0":1},"f":{},"b":{},"_coverageSchema":"43e27e138ebf9cfc5966b082cf9a028302ed4184","hash":"962c83149a54e918d3c22c7661f216f0b8f32358"}
,"C:\\Users\\Przemur\\Desktop\\Recipie\\RecipieVue\\src\\main.js": {"path":"C:\\Users\\Przemur\\Desktop\\Recipie\\RecipieVue\\src\\main.js","statementMap":{"0":{"start":{"line":17,"column":0},"end":{"line":17,"column":63}},"1":{"start":{"line":18,"column":0},"end":{"line":18,"column":52}},"2":{"start":{"line":20,"column":0},"end":{"line":20,"column":27}},"3":{"start":{"line":22,"column":0},"end":{"line":22,"column":33}},"4":{"start":{"line":24,"column":0},"end":{"line":28,"column":18}},"5":{"start":{"line":27,"column":15},"end":{"line":27,"column":21}}},"fnMap":{"0":{"name":"(anonymous_0)","decl":{"start":{"line":27,"column":10},"end":{"line":27,"column":11}},"loc":{"start":{"line":27,"column":15},"end":{"line":27,"column":21}},"line":27}},"branchMap":{},"s":{"0":0,"1":0,"2":0,"3":0,"4":0,"5":0},"f":{"0":0},"b":{},"hash":"decefe433b6d96431c08af519eae7c4060c47cbe"}
,"C:\\Users\\Przemur\\Desktop\\Recipie\\RecipieVue\\src\\utils.js": {"path":"C:\\Users\\Przemur\\Desktop\\Recipie\\RecipieVue\\src\\utils.js","statementMap":{"0":{"start":{"line":1,"column":34},"end":{"line":22,"column":1}},"1":{"start":{"line":2,"column":30},"end":{"line":19,"column":3}},"2":{"start":{"line":3,"column":22},"end":{"line":16,"column":5}},"3":{"start":{"line":4,"column":19},"end":{"line":4,"column":77}},"4":{"start":{"line":5,"column":19},"end":{"line":5,"column":77}},"5":{"start":{"line":7,"column":29},"end":{"line":7,"column":30}},"6":{"start":{"line":9,"column":6},"end":{"line":13,"column":7}},"7":{"start":{"line":10,"column":8},"end":{"line":10,"column":29}},"8":{"start":{"line":11,"column":13},"end":{"line":13,"column":7}},"9":{"start":{"line":12,"column":8},"end":{"line":12,"column":30}},"10":{"start":{"line":15,"column":6},"end":{"line":15,"column":73}},"11":{"start":{"line":18,"column":4},"end":{"line":18,"column":21}},"12":{"start":{"line":21,"column":2},"end":{"line":21,"column":56}},"13":{"start":{"line":24,"column":29},"end":{"line":24,"column":75}},"14":{"start":{"line":24,"column":37},"end":{"line":24,"column":75}}},"fnMap":{"0":{"name":"(anonymous_0)","decl":{"start":{"line":1,"column":34},"end":{"line":1,"column":35}},"loc":{"start":{"line":1,"column":60},"end":{"line":22,"column":1}},"line":1},"1":{"name":"(anonymous_1)","decl":{"start":{"line":2,"column":30},"end":{"line":2,"column":31}},"loc":{"start":{"line":2,"column":46},"end":{"line":19,"column":3}},"line":2},"2":{"name":"(anonymous_2)","decl":{"start":{"line":3,"column":22},"end":{"line":3,"column":23}},"loc":{"start":{"line":3,"column":32},"end":{"line":16,"column":5}},"line":3},"3":{"name":"(anonymous_3)","decl":{"start":{"line":24,"column":29},"end":{"line":24,"column":30}},"loc":{"start":{"line":24,"column":37},"end":{"line":24,"column":75}},"line":24}},"branchMap":{"0":{"loc":{"start":{"line":4,"column":19},"end":{"line":4,"column":77}},"type":"cond-expr","locations":[{"start":{"line":4,"column":48},"end":{"line":4,"column":68}},{"start":{"line":4,"column":71},"end":{"line":4,"column":77}}],"line":4},"1":{"loc":{"start":{"line":5,"column":19},"end":{"line":5,"column":77}},"type":"cond-expr","locations":[{"start":{"line":5,"column":48},"end":{"line":5,"column":68}},{"start":{"line":5,"column":71},"end":{"line":5,"column":77}}],"line":5},"2":{"loc":{"start":{"line":9,"column":6},"end":{"line":13,"column":7}},"type":"if","locations":[{"start":{"line":9,"column":6},"end":{"line":13,"column":7}},{"start":{"line":9,"column":6},"end":{"line":13,"column":7}}],"line":9},"3":{"loc":{"start":{"line":11,"column":13},"end":{"line":13,"column":7}},"type":"if","locations":[{"start":{"line":11,"column":13},"end":{"line":13,"column":7}},{"start":{"line":11,"column":13},"end":{"line":13,"column":7}}],"line":11},"4":{"loc":{"start":{"line":15,"column":13},"end":{"line":15,"column":72}},"type":"cond-expr","locations":[{"start":{"line":15,"column":32},"end":{"line":15,"column":53}},{"start":{"line":15,"column":56},"end":{"line":15,"column":72}}],"line":15}},"s":{"0":3,"1":4,"2":4,"3":10,"4":10,"5":10,"6":10,"7":5,"8":5,"9":4,"10":10,"11":4,"12":4,"13":3,"14":2},"f":{"0":4,"1":4,"2":10,"3":2},"b":{"0":[2,8],"1":[2,8],"2":[5,5],"3":[4,1],"4":[2,8]},"_coverageSchema":"43e27e138ebf9cfc5966b082cf9a028302ed4184","hash":"ab489368ba4b165e92ee8528084d429234327b5b"}
,"C:\\Users\\Przemur\\Desktop\\Recipie\\RecipieVue\\src\\components\\ContentTopBar\\ContentTopBar.vue": {"path":"C:\\Users\\Przemur\\Desktop\\Recipie\\RecipieVue\\src\\components\\ContentTopBar\\ContentTopBar.vue","statementMap":{"0":{"start":{"line":44,"column":0},"end":{"line":44,"column":null}},"1":{"start":{"line":46,"column":0},"end":{"line":46,"column":null}},"2":{"start":{"line":54,"column":0},"end":{"line":54,"column":null}},"3":{"start":{"line":58,"column":0},"end":{"line":58,"column":null}},"4":{"start":{"line":62,"column":0},"end":{"line":62,"column":null}},"5":{"start":{"line":64,"column":0},"end":{"line":66,"column":null}},"6":{"start":{"line":65,"column":0},"end":{"line":65,"column":null}},"7":{"start":{"line":68,"column":0},"end":{"line":70,"column":null}},"8":{"start":{"line":69,"column":0},"end":{"line":69,"column":null}},"9":{"start":{"line":72,"column":0},"end":{"line":72,"column":null}},"10":{"start":{"line":76,"column":0},"end":{"line":76,"column":null}}},"fnMap":{"0":{"name":"(anonymous_1)","decl":{"start":{"line":53,"column":0},"end":{"line":53,"column":null}},"loc":{"start":{"line":53,"column":0},"end":{"line":84,"column":null}}},"1":{"name":"(anonymous_2)","decl":{"start":{"line":58,"column":0},"end":{"line":58,"column":null}},"loc":{"start":{"line":58,"column":0},"end":{"line":58,"column":null}}},"2":{"name":"(anonymous_3)","decl":{"start":{"line":62,"column":0},"end":{"line":62,"column":null}},"loc":{"start":{"line":62,"column":0},"end":{"line":62,"column":null}}},"3":{"name":"(anonymous_4)","decl":{"start":{"line":64,"column":0},"end":{"line":64,"column":null}},"loc":{"start":{"line":64,"column":0},"end":{"line":66,"column":null}}},"4":{"name":"(anonymous_5)","decl":{"start":{"line":68,"column":0},"end":{"line":68,"column":null}},"loc":{"start":{"line":68,"column":0},"end":{"line":70,"column":null}}},"5":{"name":"(anonymous_6)","decl":{"start":{"line":72,"column":0},"end":{"line":72,"column":null}},"loc":{"start":{"line":72,"column":0},"end":{"line":72,"column":null}}}},"branchMap":{},"s":{"0":1,"1":1,"2":1,"3":2,"4":2,"5":1,"6":2,"7":1,"8":1,"9":2,"10":1},"f":{"0":1,"1":1,"2":1,"3":2,"4":1,"5":1},"b":{}}
,"C:\\Users\\Przemur\\Desktop\\Recipie\\RecipieVue\\src\\components\\FavouriteTile\\FavouriteTile.vue": {"path":"C:\\Users\\Przemur\\Desktop\\Recipie\\RecipieVue\\src\\components\\FavouriteTile\\FavouriteTile.vue","statementMap":{"0":{"start":{"line":33,"column":0},"end":{"line":33,"column":null}},"1":{"start":{"line":35,"column":0},"end":{"line":35,"column":null}},"2":{"start":{"line":36,"column":0},"end":{"line":36,"column":null}},"3":{"start":{"line":62,"column":0},"end":{"line":62,"column":null}},"4":{"start":{"line":64,"column":0},"end":{"line":69,"column":null}},"5":{"start":{"line":65,"column":0},"end":{"line":65,"column":null}},"6":{"start":{"line":71,"column":0},"end":{"line":71,"column":null}}},"fnMap":{"0":{"name":"(anonymous_1)","decl":{"start":{"line":61,"column":0},"end":{"line":61,"column":null}},"loc":{"start":{"line":61,"column":0},"end":{"line":72,"column":null}}},"1":{"name":"(anonymous_2)","decl":{"start":{"line":62,"column":0},"end":{"line":62,"column":null}},"loc":{"start":{"line":62,"column":0},"end":{"line":62,"column":null}}},"2":{"name":"(anonymous_3)","decl":{"start":{"line":64,"column":0},"end":{"line":64,"column":null}},"loc":{"start":{"line":64,"column":0},"end":{"line":69,"column":null}}}},"branchMap":{},"s":{"0":2,"1":2,"2":2,"3":2,"4":1,"5":1,"6":1},"f":{"0":1,"1":1,"2":1},"b":{}}
,"C:\\Users\\Przemur\\Desktop\\Recipie\\RecipieVue\\src\\components\\FavouritesList\\FavouritesList.vue": {"path":"C:\\Users\\Przemur\\Desktop\\Recipie\\RecipieVue\\src\\components\\FavouritesList\\FavouritesList.vue","statementMap":{"0":{"start":{"line":19,"column":0},"end":{"line":19,"column":null}},"1":{"start":{"line":21,"column":0},"end":{"line":21,"column":null}},"2":{"start":{"line":27,"column":0},"end":{"line":27,"column":null}},"3":{"start":{"line":29,"column":0},"end":{"line":29,"column":null}}},"fnMap":{"0":{"name":"(anonymous_1)","decl":{"start":{"line":26,"column":0},"end":{"line":26,"column":null}},"loc":{"start":{"line":26,"column":0},"end":{"line":30,"column":null}}},"1":{"name":"(anonymous_2)","decl":{"start":{"line":27,"column":0},"end":{"line":27,"column":null}},"loc":{"start":{"line":27,"column":0},"end":{"line":27,"column":null}}}},"branchMap":{},"s":{"0":1,"1":1,"2":2,"3":1},"f":{"0":1,"1":1},"b":{}}
,"C:\\Users\\Przemur\\Desktop\\Recipie\\RecipieVue\\src\\components\\FilterList\\FilterList.vue": {"path":"C:\\Users\\Przemur\\Desktop\\Recipie\\RecipieVue\\src\\components\\FilterList\\FilterList.vue","statementMap":{"0":{"start":{"line":20,"column":0},"end":{"line":20,"column":null}},"1":{"start":{"line":22,"column":0},"end":{"line":22,"column":null}},"2":{"start":{"line":45,"column":0},"end":{"line":47,"column":null}},"3":{"start":{"line":46,"column":0},"end":{"line":46,"column":null}},"4":{"start":{"line":49,"column":0},"end":{"line":51,"column":null}},"5":{"start":{"line":50,"column":0},"end":{"line":50,"column":null}},"6":{"start":{"line":53,"column":0},"end":{"line":55,"column":null}},"7":{"start":{"line":54,"column":0},"end":{"line":54,"column":null}},"8":{"start":{"line":57,"column":0},"end":{"line":57,"column":null}}},"fnMap":{"0":{"name":"(anonymous_1)","decl":{"start":{"line":44,"column":0},"end":{"line":44,"column":null}},"loc":{"start":{"line":44,"column":0},"end":{"line":58,"column":null}}},"1":{"name":"(anonymous_2)","decl":{"start":{"line":45,"column":0},"end":{"line":45,"column":null}},"loc":{"start":{"line":45,"column":0},"end":{"line":47,"column":null}}},"2":{"name":"(anonymous_3)","decl":{"start":{"line":49,"column":0},"end":{"line":49,"column":null}},"loc":{"start":{"line":49,"column":0},"end":{"line":51,"column":null}}},"3":{"name":"(anonymous_4)","decl":{"start":{"line":53,"column":0},"end":{"line":53,"column":null}},"loc":{"start":{"line":53,"column":0},"end":{"line":55,"column":null}}}},"branchMap":{},"s":{"0":2,"1":2,"2":1,"3":1,"4":1,"5":1,"6":1,"7":1,"8":1},"f":{"0":1,"1":1,"2":1,"3":1},"b":{}}
,"C:\\Users\\Przemur\\Desktop\\Recipie\\RecipieVue\\src\\components\\LeftSidebar\\LeftSidebar.vue": {"path":"C:\\Users\\Przemur\\Desktop\\Recipie\\RecipieVue\\src\\components\\LeftSidebar\\LeftSidebar.vue","statementMap":{"0":{"start":{"line":16,"column":0},"end":{"line":16,"column":null}},"1":{"start":{"line":18,"column":0},"end":{"line":18,"column":null}},"2":{"start":{"line":20,"column":0},"end":{"line":20,"column":null}},"3":{"start":{"line":26,"column":0},"end":{"line":26,"column":null}},"4":{"start":{"line":28,"column":0},"end":{"line":28,"column":null}}},"fnMap":{"0":{"name":"(anonymous_1)","decl":{"start":{"line":25,"column":0},"end":{"line":25,"column":null}},"loc":{"start":{"line":25,"column":0},"end":{"line":29,"column":null}}},"1":{"name":"(anonymous_2)","decl":{"start":{"line":26,"column":0},"end":{"line":26,"column":null}},"loc":{"start":{"line":26,"column":0},"end":{"line":26,"column":null}}}},"branchMap":{},"s":{"0":1,"1":1,"2":1,"3":2,"4":1},"f":{"0":1,"1":1},"b":{}}
,"C:\\Users\\Przemur\\Desktop\\Recipie\\RecipieVue\\src\\components\\RecipieList\\RecipieList.vue": {"path":"C:\\Users\\Przemur\\Desktop\\Recipie\\RecipieVue\\src\\components\\RecipieList\\RecipieList.vue","statementMap":{"0":{"start":{"line":18,"column":0},"end":{"line":18,"column":null}},"1":{"start":{"line":20,"column":0},"end":{"line":20,"column":null}},"2":{"start":{"line":26,"column":0},"end":{"line":26,"column":null}},"3":{"start":{"line":28,"column":0},"end":{"line":28,"column":null}}},"fnMap":{"0":{"name":"(anonymous_1)","decl":{"start":{"line":25,"column":0},"end":{"line":25,"column":null}},"loc":{"start":{"line":25,"column":0},"end":{"line":29,"column":null}}},"1":{"name":"(anonymous_2)","decl":{"start":{"line":26,"column":0},"end":{"line":26,"column":null}},"loc":{"start":{"line":26,"column":0},"end":{"line":26,"column":null}}}},"branchMap":{},"s":{"0":0,"1":0,"2":0,"3":0},"f":{"0":0,"1":0},"b":{}}
,"C:\\Users\\Przemur\\Desktop\\Recipie\\RecipieVue\\src\\components\\RecipieTile\\RecipieTile.vue": {"path":"C:\\Users\\Przemur\\Desktop\\Recipie\\RecipieVue\\src\\components\\RecipieTile\\RecipieTile.vue","statementMap":{"0":{"start":{"line":64,"column":0},"end":{"line":64,"column":null}},"1":{"start":{"line":66,"column":0},"end":{"line":66,"column":null}},"2":{"start":{"line":80,"column":0},"end":{"line":80,"column":null}},"3":{"start":{"line":87,"column":0},"end":{"line":87,"column":null}},"4":{"start":{"line":95,"column":0},"end":{"line":95,"column":null}},"5":{"start":{"line":96,"column":0},"end":{"line":96,"column":null}},"6":{"start":{"line":100,"column":0},"end":{"line":100,"column":null}},"7":{"start":{"line":101,"column":0},"end":{"line":101,"column":null}},"8":{"start":{"line":103,"column":0},"end":{"line":103,"column":null}}},"fnMap":{"0":{"name":"(anonymous_1)","decl":{"start":{"line":80,"column":0},"end":{"line":80,"column":null}},"loc":{"start":{"line":80,"column":0},"end":{"line":80,"column":null}}},"1":{"name":"(anonymous_2)","decl":{"start":{"line":87,"column":0},"end":{"line":87,"column":null}},"loc":{"start":{"line":87,"column":0},"end":{"line":87,"column":null}}},"2":{"name":"(anonymous_3)","decl":{"start":{"line":95,"column":0},"end":{"line":95,"column":null}},"loc":{"start":{"line":95,"column":0},"end":{"line":95,"column":null}}},"3":{"name":"(anonymous_4)","decl":{"start":{"line":96,"column":0},"end":{"line":96,"column":null}},"loc":{"start":{"line":96,"column":0},"end":{"line":96,"column":null}}},"4":{"name":"(anonymous_5)","decl":{"start":{"line":99,"column":0},"end":{"line":99,"column":null}},"loc":{"start":{"line":99,"column":0},"end":{"line":104,"column":null}}},"5":{"name":"(anonymous_6)","decl":{"start":{"line":101,"column":0},"end":{"line":101,"column":null}},"loc":{"start":{"line":101,"column":0},"end":{"line":101,"column":null}}}},"branchMap":{"0":{"loc":{"start":{"line":80,"column":0},"end":{"line":80,"column":null}},"type":"binary-expr","locations":[{"start":{"line":80,"column":0},"end":{"line":80,"column":null}},{"start":{"line":80,"column":0},"end":{"line":80,"column":null}},{"start":{"line":80,"column":0},"end":{"line":80,"column":null}}]},"1":{"loc":{"start":{"line":87,"column":0},"end":{"line":87,"column":null}},"type":"binary-expr","locations":[{"start":{"line":87,"column":0},"end":{"line":87,"column":null}},{"start":{"line":87,"column":0},"end":{"line":87,"column":null}},{"start":{"line":87,"column":0},"end":{"line":87,"column":null}}]}},"s":{"0":0,"1":0,"2":0,"3":0,"4":0,"5":0,"6":0,"7":0,"8":0},"f":{"0":0,"1":0,"2":0,"3":0,"4":0,"5":0},"b":{"0":[0,0,0],"1":[0,0,0]}}
,"C:\\Users\\Przemur\\Desktop\\Recipie\\RecipieVue\\src\\components\\RightSidebar\\RightSidebar.vue": {"path":"C:\\Users\\Przemur\\Desktop\\Recipie\\RecipieVue\\src\\components\\RightSidebar\\RightSidebar.vue","statementMap":{"0":{"start":{"line":25,"column":0},"end":{"line":25,"column":null}},"1":{"start":{"line":27,"column":0},"end":{"line":27,"column":null}},"2":{"start":{"line":28,"column":0},"end":{"line":28,"column":null}},"3":{"start":{"line":30,"column":0},"end":{"line":30,"column":null}},"4":{"start":{"line":40,"column":0},"end":{"line":40,"column":null}},"5":{"start":{"line":42,"column":0},"end":{"line":42,"column":null}},"6":{"start":{"line":48,"column":0},"end":{"line":48,"column":null}},"7":{"start":{"line":50,"column":0},"end":{"line":52,"column":null}},"8":{"start":{"line":51,"column":0},"end":{"line":51,"column":null}},"9":{"start":{"line":54,"column":0},"end":{"line":56,"column":null}},"10":{"start":{"line":55,"column":0},"end":{"line":55,"column":null}},"11":{"start":{"line":58,"column":0},"end":{"line":58,"column":null}}},"fnMap":{"0":{"name":"(anonymous_1)","decl":{"start":{"line":39,"column":0},"end":{"line":39,"column":null}},"loc":{"start":{"line":39,"column":0},"end":{"line":65,"column":null}}},"1":{"name":"(anonymous_2)","decl":{"start":{"line":42,"column":0},"end":{"line":42,"column":null}},"loc":{"start":{"line":42,"column":0},"end":{"line":42,"column":null}}},"2":{"name":"(anonymous_4)","decl":{"start":{"line":48,"column":0},"end":{"line":48,"column":null}},"loc":{"start":{"line":48,"column":0},"end":{"line":48,"column":null}}},"3":{"name":"(anonymous_5)","decl":{"start":{"line":50,"column":0},"end":{"line":50,"column":null}},"loc":{"start":{"line":50,"column":0},"end":{"line":52,"column":null}}},"4":{"name":"(anonymous_6)","decl":{"start":{"line":54,"column":0},"end":{"line":54,"column":null}},"loc":{"start":{"line":54,"column":0},"end":{"line":56,"column":null}}}},"branchMap":{},"s":{"0":0,"1":0,"2":0,"3":0,"4":0,"5":0,"6":0,"7":0,"8":0,"9":0,"10":0,"11":0},"f":{"0":0,"1":0,"2":0,"3":0,"4":0},"b":{}}
,"C:\\Users\\Przemur\\Desktop\\Recipie\\RecipieVue\\src\\components\\TagContainer\\TagContainer.vue": {"path":"C:\\Users\\Przemur\\Desktop\\Recipie\\RecipieVue\\src\\components\\TagContainer\\TagContainer.vue","statementMap":{"0":{"start":{"line":14,"column":0},"end":{"line":14,"column":null}}},"fnMap":{},"branchMap":{},"s":{"0":0},"f":{},"b":{}}
,"C:\\Users\\Przemur\\Desktop\\Recipie\\RecipieVue\\src\\components\\TheHeader\\TheHeader.vue": {"path":"C:\\Users\\Przemur\\Desktop\\Recipie\\RecipieVue\\src\\components\\TheHeader\\TheHeader.vue","statementMap":{"0":{"start":{"line":33,"column":0},"end":{"line":33,"column":null}},"1":{"start":{"line":34,"column":0},"end":{"line":34,"column":null}}},"fnMap":{},"branchMap":{},"s":{"0":0,"1":0},"f":{},"b":{}}
,"C:\\Users\\Przemur\\Desktop\\Recipie\\RecipieVue\\src\\router\\index.js": {"path":"C:\\Users\\Przemur\\Desktop\\Recipie\\RecipieVue\\src\\router\\index.js","statementMap":{"0":{"start":{"line":5,"column":0},"end":{"line":5,"column":19}},"1":{"start":{"line":7,"column":15},"end":{"line":22,"column":1}},"2":{"start":{"line":20,"column":6},"end":{"line":20,"column":66}},"3":{"start":{"line":24,"column":15},"end":{"line":28,"column":2}}},"fnMap":{"0":{"name":"(anonymous_0)","decl":{"start":{"line":19,"column":15},"end":{"line":19,"column":16}},"loc":{"start":{"line":20,"column":6},"end":{"line":20,"column":66}},"line":20}},"branchMap":{},"s":{"0":0,"1":0,"2":0,"3":0},"f":{"0":0},"b":{},"hash":"3165fe09524ca84f2a920aecfebbff19a8657c4a"}
,"C:\\Users\\Przemur\\Desktop\\Recipie\\RecipieVue\\src\\store\\index.js": {"path":"C:\\Users\\Przemur\\Desktop\\Recipie\\RecipieVue\\src\\store\\index.js","statementMap":{"0":{"start":{"line":7,"column":0},"end":{"line":7,"column":14}}},"fnMap":{},"branchMap":{},"s":{"0":0},"f":{},"b":{},"hash":"3c1dce4b78a25ac659fa226b514b7b1e3b537754"}
,"C:\\Users\\Przemur\\Desktop\\Recipie\\RecipieVue\\src\\store\\modules\\favourites\\index.js": {"path":"C:\\Users\\Przemur\\Desktop\\Recipie\\RecipieVue\\src\\store\\modules\\favourites\\index.js","statementMap":{},"fnMap":{},"branchMap":{},"s":{},"f":{},"b":{},"hash":"891683619f0f33e21da743635e956ba27c550623"}
,"C:\\Users\\Przemur\\Desktop\\Recipie\\RecipieVue\\src\\store\\modules\\favourites\\mutations-types.js": {"path":"C:\\Users\\Przemur\\Desktop\\Recipie\\RecipieVue\\src\\store\\modules\\favourites\\mutations-types.js","statementMap":{"0":{"start":{"line":1,"column":29},"end":{"line":1,"column":44}},"1":{"start":{"line":2,"column":32},"end":{"line":2,"column":50}},"2":{"start":{"line":3,"column":33},"end":{"line":3,"column":52}}},"fnMap":{},"branchMap":{},"s":{"0":2,"1":2,"2":2},"f":{},"b":{},"_coverageSchema":"43e27e138ebf9cfc5966b082cf9a028302ed4184","hash":"22d70aeca38823de3906c2abe92dcb3c048e8a6f"}
,"C:\\Users\\Przemur\\Desktop\\Recipie\\RecipieVue\\src\\store\\modules\\favourites\\mutations.js": {"path":"C:\\Users\\Przemur\\Desktop\\Recipie\\RecipieVue\\src\\store\\modules\\favourites\\mutations.js","statementMap":{"0":{"start":{"line":9,"column":4},"end":{"line":16,"column":5}},"1":{"start":{"line":11,"column":8},"end":{"line":11,"column":37}},"2":{"start":{"line":12,"column":8},"end":{"line":12,"column":14}},"3":{"start":{"line":14,"column":8},"end":{"line":14,"column":79}},"4":{"start":{"line":14,"column":61},"end":{"line":14,"column":77}},"5":{"start":{"line":15,"column":8},"end":{"line":15,"column":14}}},"fnMap":{"0":{"name":"(anonymous_0)","decl":{"start":{"line":8,"column":23},"end":{"line":8,"column":24}},"loc":{"start":{"line":8,"column":53},"end":{"line":17,"column":3}},"line":8},"1":{"name":"(anonymous_1)","decl":{"start":{"line":14,"column":47},"end":{"line":14,"column":48}},"loc":{"start":{"line":14,"column":61},"end":{"line":14,"column":77}},"line":14}},"branchMap":{"0":{"loc":{"start":{"line":9,"column":4},"end":{"line":16,"column":5}},"type":"switch","locations":[{"start":{"line":10,"column":6},"end":{"line":12,"column":14}},{"start":{"line":13,"column":6},"end":{"line":15,"column":14}}],"line":9}},"s":{"0":0,"1":0,"2":0,"3":0,"4":0,"5":0},"f":{"0":0,"1":0},"b":{"0":[0,0]},"hash":"b229796c32414dc06f5e64e774692dd6c69d2246"}
,"C:\\Users\\Przemur\\Desktop\\Recipie\\RecipieVue\\src\\store\\modules\\filter\\index.js": {"path":"C:\\Users\\Przemur\\Desktop\\Recipie\\RecipieVue\\src\\store\\modules\\filter\\index.js","statementMap":{},"fnMap":{},"branchMap":{},"s":{},"f":{},"b":{},"hash":"dac38ad9730bfd90920e31b8e7726083d769c38c"}
,"C:\\Users\\Przemur\\Desktop\\Recipie\\RecipieVue\\src\\store\\modules\\filter\\mutations-types.js": {"path":"C:\\Users\\Przemur\\Desktop\\Recipie\\RecipieVue\\src\\store\\modules\\filter\\mutations-types.js","statementMap":{"0":{"start":{"line":1,"column":30},"end":{"line":1,"column":46}},"1":{"start":{"line":2,"column":24},"end":{"line":2,"column":34}},"2":{"start":{"line":3,"column":24},"end":{"line":3,"column":34}},"3":{"start":{"line":4,"column":24},"end":{"line":4,"column":34}},"4":{"start":{"line":5,"column":27},"end":{"line":5,"column":40}}},"fnMap":{},"branchMap":{},"s":{"0":2,"1":2,"2":2,"3":2,"4":2},"f":{},"b":{},"_coverageSchema":"43e27e138ebf9cfc5966b082cf9a028302ed4184","hash":"76ad8dc5a7f2b65168047c047da60fa56f4d0203"}
,"C:\\Users\\Przemur\\Desktop\\Recipie\\RecipieVue\\src\\store\\modules\\filter\\mutations.js": {"path":"C:\\Users\\Przemur\\Desktop\\Recipie\\RecipieVue\\src\\store\\modules\\filter\\mutations.js","statementMap":{"0":{"start":{"line":11,"column":4},"end":{"line":26,"column":5}},"1":{"start":{"line":13,"column":8},"end":{"line":13,"column":32}},"2":{"start":{"line":14,"column":8},"end":{"line":14,"column":14}},"3":{"start":{"line":16,"column":8},"end":{"line":16,"column":32}},"4":{"start":{"line":17,"column":8},"end":{"line":17,"column":14}},"5":{"start":{"line":19,"column":8},"end":{"line":19,"column":80}},"6":{"start":{"line":19,"column":64},"end":{"line":19,"column":78}},"7":{"start":{"line":20,"column":8},"end":{"line":20,"column":41}},"8":{"start":{"line":21,"column":8},"end":{"line":21,"column":14}},"9":{"start":{"line":23,"column":8},"end":{"line":23,"column":78}},"10":{"start":{"line":23,"column":62},"end":{"line":23,"column":76}},"11":{"start":{"line":24,"column":8},"end":{"line":24,"column":42}},"12":{"start":{"line":25,"column":8},"end":{"line":25,"column":14}}},"fnMap":{"0":{"name":"(anonymous_0)","decl":{"start":{"line":10,"column":20},"end":{"line":10,"column":21}},"loc":{"start":{"line":10,"column":50},"end":{"line":27,"column":3}},"line":10},"1":{"name":"(anonymous_1)","decl":{"start":{"line":19,"column":57},"end":{"line":19,"column":58}},"loc":{"start":{"line":19,"column":64},"end":{"line":19,"column":78}},"line":19},"2":{"name":"(anonymous_2)","decl":{"start":{"line":23,"column":55},"end":{"line":23,"column":56}},"loc":{"start":{"line":23,"column":62},"end":{"line":23,"column":76}},"line":23}},"branchMap":{"0":{"loc":{"start":{"line":11,"column":4},"end":{"line":26,"column":5}},"type":"switch","locations":[{"start":{"line":12,"column":6},"end":{"line":14,"column":14}},{"start":{"line":15,"column":6},"end":{"line":17,"column":14}},{"start":{"line":18,"column":6},"end":{"line":21,"column":14}},{"start":{"line":22,"column":6},"end":{"line":25,"column":14}}],"line":11}},"s":{"0":0,"1":0,"2":0,"3":0,"4":0,"5":0,"6":0,"7":0,"8":0,"9":0,"10":0,"11":0,"12":0},"f":{"0":0,"1":0,"2":0},"b":{"0":[0,0,0,0]},"hash":"1eff4110ba7cc60abfc0b5983e0d1dea42d0885e"}
,"C:\\Users\\Przemur\\Desktop\\Recipie\\RecipieVue\\src\\store\\modules\\recipies\\getters.js": {"path":"C:\\Users\\Przemur\\Desktop\\Recipie\\RecipieVue\\src\\store\\modules\\recipies\\getters.js","statementMap":{"0":{"start":{"line":8,"column":8},"end":{"line":8,"column":13}},"1":{"start":{"line":9,"column":4},"end":{"line":9,"column":52}},"2":{"start":{"line":11,"column":38},"end":{"line":11,"column":78}},"3":{"start":{"line":13,"column":31},"end":{"line":13,"column":38}},"4":{"start":{"line":14,"column":47},"end":{"line":14,"column":63}},"5":{"start":{"line":16,"column":25},"end":{"line":29,"column":5}},"6":{"start":{"line":20,"column":10},"end":{"line":20,"column":17}},"7":{"start":{"line":22,"column":32},"end":{"line":22,"column":64}},"8":{"start":{"line":23,"column":32},"end":{"line":23,"column":64}},"9":{"start":{"line":24,"column":29},"end":{"line":26,"column":14}},"10":{"start":{"line":25,"column":36},"end":{"line":25,"column":54}},"11":{"start":{"line":28,"column":6},"end":{"line":28,"column":70}},"12":{"start":{"line":31,"column":4},"end":{"line":31,"column":67}},"13":{"start":{"line":31,"column":44},"end":{"line":31,"column":65}}},"fnMap":{"0":{"name":"(anonymous_0)","decl":{"start":{"line":4,"column":18},"end":{"line":4,"column":19}},"loc":{"start":{"line":4,"column":27},"end":{"line":10,"column":3}},"line":4},"1":{"name":"(anonymous_1)","decl":{"start":{"line":11,"column":22},"end":{"line":11,"column":23}},"loc":{"start":{"line":11,"column":38},"end":{"line":11,"column":78}},"line":11},"2":{"name":"(anonymous_2)","decl":{"start":{"line":12,"column":29},"end":{"line":12,"column":30}},"loc":{"start":{"line":12,"column":56},"end":{"line":32,"column":3}},"line":12},"3":{"name":"(anonymous_3)","decl":{"start":{"line":16,"column":25},"end":{"line":16,"column":26}},"loc":{"start":{"line":16,"column":36},"end":{"line":29,"column":5}},"line":16},"4":{"name":"(anonymous_4)","decl":{"start":{"line":25,"column":29},"end":{"line":25,"column":30}},"loc":{"start":{"line":25,"column":36},"end":{"line":25,"column":54}},"line":25},"5":{"name":"(anonymous_5)","decl":{"start":{"line":31,"column":33},"end":{"line":31,"column":34}},"loc":{"start":{"line":31,"column":44},"end":{"line":31,"column":65}},"line":31}},"branchMap":{"0":{"loc":{"start":{"line":22,"column":32},"end":{"line":22,"column":64}},"type":"cond-expr","locations":[{"start":{"line":22,"column":42},"end":{"line":22,"column":57}},{"start":{"line":22,"column":60},"end":{"line":22,"column":64}}],"line":22},"1":{"loc":{"start":{"line":23,"column":32},"end":{"line":23,"column":64}},"type":"cond-expr","locations":[{"start":{"line":23,"column":42},"end":{"line":23,"column":57}},{"start":{"line":23,"column":60},"end":{"line":23,"column":64}}],"line":23},"2":{"loc":{"start":{"line":24,"column":29},"end":{"line":26,"column":14}},"type":"cond-expr","locations":[{"start":{"line":25,"column":10},"end":{"line":25,"column":55}},{"start":{"line":26,"column":10},"end":{"line":26,"column":14}}],"line":24},"3":{"loc":{"start":{"line":28,"column":13},"end":{"line":28,"column":69}},"type":"binary-expr","locations":[{"start":{"line":28,"column":13},"end":{"line":28,"column":30}},{"start":{"line":28,"column":34},"end":{"line":28,"column":51}},{"start":{"line":28,"column":55},"end":{"line":28,"column":69}}],"line":28}},"s":{"0":0,"1":0,"2":0,"3":0,"4":0,"5":0,"6":0,"7":0,"8":0,"9":0,"10":0,"11":0,"12":0,"13":0},"f":{"0":0,"1":0,"2":0,"3":0,"4":0,"5":0},"b":{"0":[0,0],"1":[0,0],"2":[0,0],"3":[0,0,0]},"hash":"0f9d2d822a976f8bd6c69c35fa7e7d79b6dee6d6"}
,"C:\\Users\\Przemur\\Desktop\\Recipie\\RecipieVue\\src\\store\\modules\\recipies\\index.js": {"path":"C:\\Users\\Przemur\\Desktop\\Recipie\\RecipieVue\\src\\store\\modules\\recipies\\index.js","statementMap":{},"fnMap":{},"branchMap":{},"s":{},"f":{},"b":{},"hash":"1b128dcb47dc7ec7480d50453ecc738ff55bd08e"}
,"C:\\Users\\Przemur\\Desktop\\Recipie\\RecipieVue\\src\\store\\modules\\recipies\\mutations-types.js": {"path":"C:\\Users\\Przemur\\Desktop\\Recipie\\RecipieVue\\src\\store\\modules\\recipies\\mutations-types.js","statementMap":{"0":{"start":{"line":1,"column":31},"end":{"line":1,"column":48}},"1":{"start":{"line":2,"column":27},"end":{"line":2,"column":40}}},"fnMap":{},"branchMap":{},"s":{"0":1,"1":1},"f":{},"b":{},"_coverageSchema":"43e27e138ebf9cfc5966b082cf9a028302ed4184","hash":"87c99eb1745827e379f4a82fc7bff321d5b88510"}
,"C:\\Users\\Przemur\\Desktop\\Recipie\\RecipieVue\\src\\store\\modules\\recipies\\mutations.js": {"path":"C:\\Users\\Przemur\\Desktop\\Recipie\\RecipieVue\\src\\store\\modules\\recipies\\mutations.js","statementMap":{"0":{"start":{"line":5,"column":4},"end":{"line":9,"column":5}},"1":{"start":{"line":7,"column":8},"end":{"line":7,"column":39}},"2":{"start":{"line":8,"column":8},"end":{"line":8,"column":14}}},"fnMap":{"0":{"name":"(anonymous_0)","decl":{"start":{"line":4,"column":21},"end":{"line":4,"column":22}},"loc":{"start":{"line":4,"column":51},"end":{"line":10,"column":3}},"line":4}},"branchMap":{"0":{"loc":{"start":{"line":5,"column":4},"end":{"line":9,"column":5}},"type":"switch","locations":[{"start":{"line":6,"column":6},"end":{"line":8,"column":14}}],"line":5}},"s":{"0":0,"1":0,"2":0},"f":{"0":0},"b":{"0":[0]},"hash":"710cc39fcaeea36f0673d6b764138071b8e99b68"}
,"C:\\Users\\Przemur\\Desktop\\Recipie\\RecipieVue\\src\\views\\Home.vue": {"path":"C:\\Users\\Przemur\\Desktop\\Recipie\\RecipieVue\\src\\views\\Home.vue","statementMap":{"0":{"start":{"line":9,"column":0},"end":{"line":9,"column":null}},"1":{"start":{"line":10,"column":0},"end":{"line":10,"column":null}}},"fnMap":{},"branchMap":{},"s":{"0":0,"1":0},"f":{},"b":{}}
}
