TN:
SF:C:\Users\Przemur\Desktop\Recipie\RecipieVue\src\App.vue
FNF:0
FNH:0
DA:15,0
DA:16,0
DA:17,0
LF:3
LH:0
BRF:0
BRH:0
end_of_record
TN:
SF:C:\Users\Przemur\Desktop\Recipie\RecipieVue\src\consts.js
FNF:0
FNH:0
DA:3,1
LF:1
LH:1
BRF:0
BRH:0
end_of_record
TN:
SF:C:\Users\Przemur\Desktop\Recipie\RecipieVue\src\main.js
FN:27,(anonymous_0)
FNF:1
FNH:0
FNDA:0,(anonymous_0)
DA:17,0
DA:18,0
DA:20,0
DA:22,0
DA:24,0
DA:27,0
LF:6
LH:0
BRF:0
BRH:0
end_of_record
TN:
SF:C:\Users\Przemur\Desktop\Recipie\RecipieVue\src\utils.js
FN:1,(anonymous_0)
FN:2,(anonymous_1)
FN:3,(anonymous_2)
FN:24,(anonymous_3)
FNF:4
FNH:4
FNDA:4,(anonymous_0)
FNDA:4,(anonymous_1)
FNDA:10,(anonymous_2)
FNDA:2,(anonymous_3)
DA:1,3
DA:2,4
DA:3,4
DA:4,10
DA:5,10
DA:7,10
DA:9,10
DA:10,5
DA:11,5
DA:12,4
DA:15,10
DA:18,4
DA:21,4
DA:24,3
LF:14
LH:14
BRDA:4,0,0,2
BRDA:4,0,1,8
BRDA:5,1,0,2
BRDA:5,1,1,8
BRDA:9,2,0,5
BRDA:9,2,1,5
BRDA:11,3,0,4
BRDA:11,3,1,1
BRDA:15,4,0,2
BRDA:15,4,1,8
BRF:10
BRH:10
end_of_record
TN:
SF:C:\Users\Przemur\Desktop\Recipie\RecipieVue\src\components\ContentTopBar\ContentTopBar.vue
FN:53,(anonymous_1)
FN:58,(anonymous_2)
FN:62,(anonymous_3)
FN:64,(anonymous_4)
FN:68,(anonymous_5)
FN:72,(anonymous_6)
FNF:6
FNH:6
FNDA:1,(anonymous_1)
FNDA:1,(anonymous_2)
FNDA:1,(anonymous_3)
FNDA:2,(anonymous_4)
FNDA:1,(anonymous_5)
FNDA:1,(anonymous_6)
DA:44,1
DA:46,1
DA:54,1
DA:58,2
DA:62,2
DA:64,1
DA:65,2
DA:68,1
DA:69,1
DA:72,2
DA:76,1
LF:11
LH:11
BRF:0
BRH:0
end_of_record
TN:
SF:C:\Users\Przemur\Desktop\Recipie\RecipieVue\src\components\FavouriteTile\FavouriteTile.vue
FN:61,(anonymous_1)
FN:62,(anonymous_2)
FN:64,(anonymous_3)
FNF:3
FNH:3
FNDA:1,(anonymous_1)
FNDA:1,(anonymous_2)
FNDA:1,(anonymous_3)
DA:33,2
DA:35,2
DA:36,2
DA:62,2
DA:64,1
DA:65,1
DA:71,1
LF:7
LH:7
BRF:0
BRH:0
end_of_record
TN:
SF:C:\Users\Przemur\Desktop\Recipie\RecipieVue\src\components\FavouritesList\FavouritesList.vue
FN:26,(anonymous_1)
FN:27,(anonymous_2)
FNF:2
FNH:2
FNDA:1,(anonymous_1)
FNDA:1,(anonymous_2)
DA:19,1
DA:21,1
DA:27,2
DA:29,1
LF:4
LH:4
BRF:0
BRH:0
end_of_record
TN:
SF:C:\Users\Przemur\Desktop\Recipie\RecipieVue\src\components\FilterList\FilterList.vue
FN:44,(anonymous_1)
FN:45,(anonymous_2)
FN:49,(anonymous_3)
FN:53,(anonymous_4)
FNF:4
FNH:4
FNDA:1,(anonymous_1)
FNDA:1,(anonymous_2)
FNDA:1,(anonymous_3)
FNDA:1,(anonymous_4)
DA:20,2
DA:22,2
DA:45,1
DA:46,1
DA:49,1
DA:50,1
DA:53,1
DA:54,1
DA:57,1
LF:9
LH:9
BRF:0
BRH:0
end_of_record
TN:
SF:C:\Users\Przemur\Desktop\Recipie\RecipieVue\src\components\LeftSidebar\LeftSidebar.vue
FN:25,(anonymous_1)
FN:26,(anonymous_2)
FNF:2
FNH:2
FNDA:1,(anonymous_1)
FNDA:1,(anonymous_2)
DA:16,1
DA:18,1
DA:20,1
DA:26,2
DA:28,1
LF:5
LH:5
BRF:0
BRH:0
end_of_record
TN:
SF:C:\Users\Przemur\Desktop\Recipie\RecipieVue\src\components\RecipieList\RecipieList.vue
FN:25,(anonymous_1)
FN:26,(anonymous_2)
FNF:2
FNH:0
FNDA:0,(anonymous_1)
FNDA:0,(anonymous_2)
DA:18,0
DA:20,0
DA:26,0
DA:28,0
LF:4
LH:0
BRF:0
BRH:0
end_of_record
TN:
SF:C:\Users\Przemur\Desktop\Recipie\RecipieVue\src\components\RecipieTile\RecipieTile.vue
FN:80,(anonymous_1)
FN:87,(anonymous_2)
FN:95,(anonymous_3)
FN:96,(anonymous_4)
FN:99,(anonymous_5)
FN:101,(anonymous_6)
FNF:6
FNH:0
FNDA:0,(anonymous_1)
FNDA:0,(anonymous_2)
FNDA:0,(anonymous_3)
FNDA:0,(anonymous_4)
FNDA:0,(anonymous_5)
FNDA:0,(anonymous_6)
DA:64,0
DA:66,0
DA:80,0
DA:87,0
DA:95,0
DA:96,0
DA:100,0
DA:101,0
DA:103,0
LF:9
LH:0
BRDA:80,0,0,0
BRDA:80,0,1,0
BRDA:80,0,2,0
BRDA:87,1,0,0
BRDA:87,1,1,0
BRDA:87,1,2,0
BRF:6
BRH:0
end_of_record
TN:
SF:C:\Users\Przemur\Desktop\Recipie\RecipieVue\src\components\RightSidebar\RightSidebar.vue
FN:39,(anonymous_1)
FN:42,(anonymous_2)
FN:48,(anonymous_4)
FN:50,(anonymous_5)
FN:54,(anonymous_6)
FNF:5
FNH:0
FNDA:0,(anonymous_1)
FNDA:0,(anonymous_2)
FNDA:0,(anonymous_4)
FNDA:0,(anonymous_5)
FNDA:0,(anonymous_6)
DA:25,0
DA:27,0
DA:28,0
DA:30,0
DA:40,0
DA:42,0
DA:48,0
DA:50,0
DA:51,0
DA:54,0
DA:55,0
DA:58,0
LF:12
LH:0
BRF:0
BRH:0
end_of_record
TN:
SF:C:\Users\Przemur\Desktop\Recipie\RecipieVue\src\components\TagContainer\TagContainer.vue
FNF:0
FNH:0
DA:14,0
LF:1
LH:0
BRF:0
BRH:0
end_of_record
TN:
SF:C:\Users\Przemur\Desktop\Recipie\RecipieVue\src\components\TheHeader\TheHeader.vue
FNF:0
FNH:0
DA:33,0
DA:34,0
LF:2
LH:0
BRF:0
BRH:0
end_of_record
TN:
SF:C:\Users\Przemur\Desktop\Recipie\RecipieVue\src\router\index.js
FN:19,(anonymous_0)
FNF:1
FNH:0
FNDA:0,(anonymous_0)
DA:5,0
DA:7,0
DA:20,0
DA:24,0
LF:4
LH:0
BRF:0
BRH:0
end_of_record
TN:
SF:C:\Users\Przemur\Desktop\Recipie\RecipieVue\src\store\index.js
FNF:0
FNH:0
DA:7,0
LF:1
LH:0
BRF:0
BRH:0
end_of_record
TN:
SF:C:\Users\Przemur\Desktop\Recipie\RecipieVue\src\store\modules\favourites\index.js
FNF:0
FNH:0
LF:0
LH:0
BRF:0
BRH:0
end_of_record
TN:
SF:C:\Users\Przemur\Desktop\Recipie\RecipieVue\src\store\modules\favourites\mutations-types.js
FNF:0
FNH:0
DA:1,2
DA:2,2
DA:3,2
LF:3
LH:3
BRF:0
BRH:0
end_of_record
TN:
SF:C:\Users\Przemur\Desktop\Recipie\RecipieVue\src\store\modules\favourites\mutations.js
FN:8,(anonymous_0)
FN:14,(anonymous_1)
FNF:2
FNH:0
FNDA:0,(anonymous_0)
FNDA:0,(anonymous_1)
DA:9,0
DA:11,0
DA:12,0
DA:14,0
DA:15,0
LF:5
LH:0
BRDA:9,0,0,0
BRDA:9,0,1,0
BRF:2
BRH:0
end_of_record
TN:
SF:C:\Users\Przemur\Desktop\Recipie\RecipieVue\src\store\modules\filter\index.js
FNF:0
FNH:0
LF:0
LH:0
BRF:0
BRH:0
end_of_record
TN:
SF:C:\Users\Przemur\Desktop\Recipie\RecipieVue\src\store\modules\filter\mutations-types.js
FNF:0
FNH:0
DA:1,2
DA:2,2
DA:3,2
DA:4,2
DA:5,2
LF:5
LH:5
BRF:0
BRH:0
end_of_record
TN:
SF:C:\Users\Przemur\Desktop\Recipie\RecipieVue\src\store\modules\filter\mutations.js
FN:10,(anonymous_0)
FN:19,(anonymous_1)
FN:23,(anonymous_2)
FNF:3
FNH:0
FNDA:0,(anonymous_0)
FNDA:0,(anonymous_1)
FNDA:0,(anonymous_2)
DA:11,0
DA:13,0
DA:14,0
DA:16,0
DA:17,0
DA:19,0
DA:20,0
DA:21,0
DA:23,0
DA:24,0
DA:25,0
LF:11
LH:0
BRDA:11,0,0,0
BRDA:11,0,1,0
BRDA:11,0,2,0
BRDA:11,0,3,0
BRF:4
BRH:0
end_of_record
TN:
SF:C:\Users\Przemur\Desktop\Recipie\RecipieVue\src\store\modules\recipies\getters.js
FN:4,(anonymous_0)
FN:11,(anonymous_1)
FN:12,(anonymous_2)
FN:16,(anonymous_3)
FN:25,(anonymous_4)
FN:31,(anonymous_5)
FNF:6
FNH:0
FNDA:0,(anonymous_0)
FNDA:0,(anonymous_1)
FNDA:0,(anonymous_2)
FNDA:0,(anonymous_3)
FNDA:0,(anonymous_4)
FNDA:0,(anonymous_5)
DA:8,0
DA:9,0
DA:11,0
DA:13,0
DA:14,0
DA:16,0
DA:20,0
DA:22,0
DA:23,0
DA:24,0
DA:25,0
DA:28,0
DA:31,0
LF:13
LH:0
BRDA:22,0,0,0
BRDA:22,0,1,0
BRDA:23,1,0,0
BRDA:23,1,1,0
BRDA:24,2,0,0
BRDA:24,2,1,0
BRDA:28,3,0,0
BRDA:28,3,1,0
BRDA:28,3,2,0
BRF:9
BRH:0
end_of_record
TN:
SF:C:\Users\Przemur\Desktop\Recipie\RecipieVue\src\store\modules\recipies\index.js
FNF:0
FNH:0
LF:0
LH:0
BRF:0
BRH:0
end_of_record
TN:
SF:C:\Users\Przemur\Desktop\Recipie\RecipieVue\src\store\modules\recipies\mutations-types.js
FNF:0
FNH:0
DA:1,1
DA:2,1
LF:2
LH:2
BRF:0
BRH:0
end_of_record
TN:
SF:C:\Users\Przemur\Desktop\Recipie\RecipieVue\src\store\modules\recipies\mutations.js
FN:4,(anonymous_0)
FNF:1
FNH:0
FNDA:0,(anonymous_0)
DA:5,0
DA:7,0
DA:8,0
LF:3
LH:0
BRDA:5,0,0,0
BRF:1
BRH:0
end_of_record
TN:
SF:C:\Users\Przemur\Desktop\Recipie\RecipieVue\src\views\Home.vue
FNF:0
FNH:0
DA:9,0
DA:10,0
LF:2
LH:0
BRF:0
BRH:0
end_of_record
